<?xml version="1.0" encoding="UTF-8"?>
<!-- Generated by org.testng.reporters.JUnitReportReporter -->
<testsuite hostname="DESKTOP-MULBQUB" failures="0" tests="9" name="subscription.SubscriptionPackageTest" time="246.051" errors="0" timestamp="2023-05-24T22:26:41 IST" skipped="0">
  <testcase classname="subscription.SubscriptionPackageTest" name="verify_SubscriptionPackage" time="27.399"/>
  <system-out/>
  <testcase classname="subscription.SubscriptionPackageTest" name="verify_SubscriptionPackage" time="26.831"/>
  <system-out/>
  <testcase classname="subscription.SubscriptionPackageTest" name="verify_SubscriptionPackage" time="27.015"/>
  <system-out/>
  <testcase classname="subscription.SubscriptionPackageTest" name="verify_SubscriptionPackage" time="29.210"/>
  <system-out/>
  <testcase classname="subscription.SubscriptionPackageTest" name="verify_SubscriptionPackage" time="26.815"/>
  <system-out/>
  <testcase classname="subscription.SubscriptionPackageTest" name="verify_SubscriptionPackage" time="26.898"/>
  <system-out/>
  <testcase classname="subscription.SubscriptionPackageTest" name="verify_SubscriptionPackage" time="27.372"/>
  <system-out/>
  <testcase classname="subscription.SubscriptionPackageTest" name="verify_SubscriptionPackage" time="28.313"/>
  <system-out/>
  <testcase classname="subscription.SubscriptionPackageTest" name="verify_SubscriptionPackage" time="26.198"/>
  <system-out/>
</testsuite> <!-- subscription.SubscriptionPackageTest -->
