<?xml version="1.0" encoding="UTF-8"?>
<!-- Generated by org.testng.reporters.JUnitReportReporter -->
<testsuite hostname="DESKTOP-MULBQUB" failures="0" tests="9" name="subscription.PlanValidationTest" time="234.868" errors="0" timestamp="2023-05-24T20:09:28 IST" skipped="0">
  <testcase classname="subscription.PlanValidationTest" name="validatePlanPriceCurrencyForCountry" time="25.960"/>
  <system-out/>
  <testcase classname="subscription.PlanValidationTest" name="validatePlanPriceCurrencyForCountry" time="26.432"/>
  <system-out/>
  <testcase classname="subscription.PlanValidationTest" name="validatePlanPriceCurrencyForCountry" time="26.039"/>
  <system-out/>
  <testcase classname="subscription.PlanValidationTest" name="validatePlanPriceCurrencyForCountry" time="26.142"/>
  <system-out/>
  <testcase classname="subscription.PlanValidationTest" name="validatePlanPriceCurrencyForCountry" time="25.905"/>
  <system-out/>
  <testcase classname="subscription.PlanValidationTest" name="validatePlanPriceCurrencyForCountry" time="25.853"/>
  <system-out/>
  <testcase classname="subscription.PlanValidationTest" name="validatePlanPriceCurrencyForCountry" time="26.151"/>
  <system-out/>
  <testcase classname="subscription.PlanValidationTest" name="validatePlanPriceCurrencyForCountry" time="26.212"/>
  <system-out/>
  <testcase classname="subscription.PlanValidationTest" name="validatePlanPriceCurrencyForCountry" time="26.174"/>
  <system-out/>
</testsuite> <!-- subscription.PlanValidationTest -->
